In file included from [01m[K/opt/ros/humble/include/class_loader/class_loader/class_loader.hpp:56[m[K,
                 from [01m[K/opt/ros/humble/include/pluginlib/pluginlib/class_list_macros.hpp:40[m[K,
                 from [01m[K/home/jonathan/rob_ws/src/diffdrive_arduino/src/diffdrive_arduino.cpp:147[m[K:
[01m[K/home/jonathan/rob_ws/src/diffdrive_arduino/src/diffdrive_arduino.cpp:150:3:[m[K [01;31m[Kerror: [m[Kâ€˜[01m[KDiffDriveArduinoHardware[m[Kâ€™ does not name a type; did you mean â€˜[01m[KDiffDriveArduino[m[Kâ€™?
  150 |   [01;31m[KDiffDriveArduinoHardware[m[K,
      |   [01;31m[K^~~~~~~~~~~~~~~~~~~~~~~~[m[K
[01m[K/home/jonathan/rob_ws/src/diffdrive_arduino/src/diffdrive_arduino.cpp:[m[K In constructor â€˜[01m[K{anonymous}::ProxyExec0::ProxyExec0()[m[Kâ€™:
[01m[K/home/jonathan/rob_ws/src/diffdrive_arduino/src/diffdrive_arduino.cpp:149:1:[m[K [01;31m[Kerror: [m[Kâ€˜[01m[K_derived[m[Kâ€™ was not declared in this scope
  149 | [01;31m[KPLUGINLIB_EXPORT_CLASS[m[K(
      | [01;31m[K^~~~~~~~~~~~~~~~~~~~~~[m[K
[01m[K/home/jonathan/rob_ws/src/diffdrive_arduino/src/diffdrive_arduino.cpp:149:1:[m[K [01;31m[Kerror: [m[Kno matching function for call to â€˜[01m[KregisterPlugin<<expression error>, {anonymous}::ProxyExec0::_base>(const char [25], const char [36])[m[Kâ€™
  149 | [01;31m[KPLUGINLIB_EXPORT_CLASS[m[K(
      | [01;31m[K^~~~~~~~~~~~~~~~~~~~~~[m[K
In file included from [01m[K/opt/ros/humble/include/class_loader/class_loader/class_loader.hpp:55[m[K,
                 from [01m[K/opt/ros/humble/include/pluginlib/pluginlib/class_list_macros.hpp:40[m[K,
                 from [01m[K/home/jonathan/rob_ws/src/diffdrive_arduino/src/diffdrive_arduino.cpp:147[m[K:
[01m[K/opt/ros/humble/include/class_loader/class_loader/class_loader_core.hpp:210:6:[m[K [01;36m[Knote: [m[Kcandidate: â€˜[01m[Ktemplate<class Derived, class Base> void class_loader::impl::registerPlugin(const string&, const string&)[m[Kâ€™
  210 | void [01;36m[KregisterPlugin[m[K(const std::string & class_name, const std::string & base_class_name)
      |      [01;36m[K^~~~~~~~~~~~~~[m[K
[01m[K/opt/ros/humble/include/class_loader/class_loader/class_loader_core.hpp:210:6:[m[K [01;36m[Knote: [m[K  template argument deduction/substitution failed:
In file included from [01m[K/opt/ros/humble/include/class_loader/class_loader/class_loader.hpp:56[m[K,
                 from [01m[K/opt/ros/humble/include/pluginlib/pluginlib/class_list_macros.hpp:40[m[K,
                 from [01m[K/home/jonathan/rob_ws/src/diffdrive_arduino/src/diffdrive_arduino.cpp:147[m[K:
[01m[K/home/jonathan/rob_ws/src/diffdrive_arduino/src/diffdrive_arduino.cpp:149:1:[m[K [01;31m[Kerror: [m[Ktemplate argument 1 is invalid
  149 | [01;31m[KPLUGINLIB_EXPORT_CLASS[m[K(
      | [01;31m[K^~~~~~~~~~~~~~~~~~~~~~[m[K
gmake[2]: *** [CMakeFiles/diffdrive_arduino.dir/build.make:76: CMakeFiles/diffdrive_arduino.dir/src/diffdrive_arduino.cpp.o] Error 1
gmake[1]: *** [CMakeFiles/Makefile2:139: CMakeFiles/diffdrive_arduino.dir/all] Error 2
gmake: *** [Makefile:146: all] Error 2
