[0.034s] Invoking command in '/home/jonathan/rob_ws/build/diffdrive_arduino': AMENT_PREFIX_PATH=/home/jonathan/rob_ws/install/serial:${AMENT_PREFIX_PATH} CMAKE_PREFIX_PATH=/home/jonathan/rob_ws/install/serial:/opt/ros/humble LD_LIBRARY_PATH=/home/jonathan/rob_ws/install/serial/lib:${LD_LIBRARY_PATH} /usr/bin/cmake --build /home/jonathan/rob_ws/build/diffdrive_arduino -- -j2 -l2
[0.260s] [ 14%] [32mBuilding CXX object CMakeFiles/diffdrive_arduino.dir/src/diffdrive_arduino.cpp.o[0m
[0.264s] [ 57%] Built target fake_robot
[0.279s] [ 71%] [32mBuilding CXX object CMakeFiles/diffdrive_arduino.dir/src/arduino_comms.cpp.o[0m
[9.919s] In file included from [01m[K/opt/ros/humble/include/class_loader/class_loader/class_loader.hpp:56[m[K,
[9.919s]                  from [01m[K/opt/ros/humble/include/pluginlib/pluginlib/class_list_macros.hpp:40[m[K,
[9.920s]                  from [01m[K/home/jonathan/rob_ws/src/diffdrive_arduino/src/diffdrive_arduino.cpp:147[m[K:
[9.920s] [01m[K/home/jonathan/rob_ws/src/diffdrive_arduino/src/diffdrive_arduino.cpp:150:3:[m[K [01;31m[Kerror: [m[Kâ€˜[01m[KDiffDriveArduinoHardware[m[Kâ€™ does not name a type; did you mean â€˜[01m[KDiffDriveArduino[m[Kâ€™?
[9.920s]   150 |   [01;31m[KDiffDriveArduinoHardware[m[K,
[9.920s]       |   [01;31m[K^~~~~~~~~~~~~~~~~~~~~~~~[m[K
[10.017s] [01m[K/home/jonathan/rob_ws/src/diffdrive_arduino/src/diffdrive_arduino.cpp:[m[K In constructor â€˜[01m[K{anonymous}::ProxyExec0::ProxyExec0()[m[Kâ€™:
[10.017s] [01m[K/home/jonathan/rob_ws/src/diffdrive_arduino/src/diffdrive_arduino.cpp:149:1:[m[K [01;31m[Kerror: [m[Kâ€˜[01m[K_derived[m[Kâ€™ was not declared in this scope
[10.022s]   149 | [01;31m[KPLUGINLIB_EXPORT_CLASS[m[K(
[10.028s]       | [01;31m[K^~~~~~~~~~~~~~~~~~~~~~[m[K
[10.050s] [01m[K/home/jonathan/rob_ws/src/diffdrive_arduino/src/diffdrive_arduino.cpp:149:1:[m[K [01;31m[Kerror: [m[Kno matching function for call to â€˜[01m[KregisterPlugin<<expression error>, {anonymous}::ProxyExec0::_base>(const char [25], const char [36])[m[Kâ€™
[10.051s]   149 | [01;31m[KPLUGINLIB_EXPORT_CLASS[m[K(
[10.051s]       | [01;31m[K^~~~~~~~~~~~~~~~~~~~~~[m[K
[10.051s] In file included from [01m[K/opt/ros/humble/include/class_loader/class_loader/class_loader.hpp:55[m[K,
[10.052s]                  from [01m[K/opt/ros/humble/include/pluginlib/pluginlib/class_list_macros.hpp:40[m[K,
[10.052s]                  from [01m[K/home/jonathan/rob_ws/src/diffdrive_arduino/src/diffdrive_arduino.cpp:147[m[K:
[10.052s] [01m[K/opt/ros/humble/include/class_loader/class_loader/class_loader_core.hpp:210:6:[m[K [01;36m[Knote: [m[Kcandidate: â€˜[01m[Ktemplate<class Derived, class Base> void class_loader::impl::registerPlugin(const string&, const string&)[m[Kâ€™
[10.052s]   210 | void [01;36m[KregisterPlugin[m[K(const std::string & class_name, const std::string & base_class_name)
[10.053s]       |      [01;36m[K^~~~~~~~~~~~~~[m[K
[10.053s] [01m[K/opt/ros/humble/include/class_loader/class_loader/class_loader_core.hpp:210:6:[m[K [01;36m[Knote: [m[K  template argument deduction/substitution failed:
[10.053s] In file included from [01m[K/opt/ros/humble/include/class_loader/class_loader/class_loader.hpp:56[m[K,
[10.053s]                  from [01m[K/opt/ros/humble/include/pluginlib/pluginlib/class_list_macros.hpp:40[m[K,
[10.054s]                  from [01m[K/home/jonathan/rob_ws/src/diffdrive_arduino/src/diffdrive_arduino.cpp:147[m[K:
[10.054s] [01m[K/home/jonathan/rob_ws/src/diffdrive_arduino/src/diffdrive_arduino.cpp:149:1:[m[K [01;31m[Kerror: [m[Ktemplate argument 1 is invalid
[10.054s]   149 | [01;31m[KPLUGINLIB_EXPORT_CLASS[m[K(
[10.054s]       | [01;31m[K^~~~~~~~~~~~~~~~~~~~~~[m[K
[13.514s] gmake[2]: *** [CMakeFiles/diffdrive_arduino.dir/build.make:76: CMakeFiles/diffdrive_arduino.dir/src/diffdrive_arduino.cpp.o] Error 1
[13.514s] gmake[1]: *** [CMakeFiles/Makefile2:139: CMakeFiles/diffdrive_arduino.dir/all] Error 2
[13.514s] gmake: *** [Makefile:146: all] Error 2
[13.529s] Invoked command in '/home/jonathan/rob_ws/build/diffdrive_arduino' returned '2': AMENT_PREFIX_PATH=/home/jonathan/rob_ws/install/serial:${AMENT_PREFIX_PATH} CMAKE_PREFIX_PATH=/home/jonathan/rob_ws/install/serial:/opt/ros/humble LD_LIBRARY_PATH=/home/jonathan/rob_ws/install/serial/lib:${LD_LIBRARY_PATH} /usr/bin/cmake --build /home/jonathan/rob_ws/build/diffdrive_arduino -- -j2 -l2
